<?xml version="1.0" encoding="UTF-8"?>
<testsuite name="com.bridgelabz.userregistration.UserRegistrationTest" tests="1" skipped="0" failures="0" errors="0" timestamp="2021-04-07T01:41:31" hostname="LAPTOP-22472JL6" time="0.022">
  <properties/>
  <testcase name="givenFirstName_WhenFirstNameStartHaveMinThreeLetters_ShouldReturn_True()" classname="com.bridgelabz.userregistration.UserRegistrationTest" time="0.022"/>
  <system-out><![CDATA[]]></system-out>
  <system-err><![CDATA[]]></system-err>
</testsuite>
